DEBUG:root:received "<bound method TextMessage.__repr__ of {"command": "message", "message": "Bar disse Hello World", "ts": 1618065370}>
DEBUG:root:received "<bound method TextMessage.__repr__ of {"command": "message", "message": "Bar disse Hello World", "ts": 1618065373}>
DEBUG:root:received "<bound method TextMessage.__repr__ of {"command": "message", "message": "Bar disse How are you?", "ts": 1618065373}>
DEBUG:root:received "<bound method TextMessage.__repr__ of {"command": "message", "message": "Bar disse Are you new around here?", "ts": 1618065373}>
DEBUG:root:received "<bound method TextMessage.__repr__ of {"command": "message", "message": "Bar disse Hope you enjoy your stay", "ts": 1618065373}>
DEBUG:root:received "<bound method TextMessage.__repr__ of {"command": "message", "message": "Bar disse Welcome aboard", "ts": 1618065375}>
DEBUG:root:received "<bound method TextMessage.__repr__ of {"command": "message", "message": "Bar disse Who are you?", "ts": 1618065375}>
DEBUG:root:received "<bound method TextMessage.__repr__ of {"command": "message", "message": "Bar disse Nice to meet you Joe", "ts": 1618065375}>
DEBUG:root:received "<bound method TextMessage.__repr__ of {"command": "message", "message": "Bar disse Hello World", "ts": 1618065602}>
DEBUG:root:received "<bound method TextMessage.__repr__ of {"command": "message", "message": "Bar disse Hello World", "ts": 1618065605}>
DEBUG:root:received "<bound method TextMessage.__repr__ of {"command": "message", "message": "Bar disse How are you?", "ts": 1618065605}>
DEBUG:root:received "<bound method TextMessage.__repr__ of {"command": "message", "message": "Bar disse Are you new around here?", "ts": 1618065605}>
DEBUG:root:received "<bound method TextMessage.__repr__ of {"command": "message", "message": "Bar disse Hope you enjoy your stay", "ts": 1618065605}>
DEBUG:root:received "<bound method TextMessage.__repr__ of {"command": "message", "message": "Bar disse Welcome aboard", "ts": 1618065608}>
DEBUG:root:received "<bound method TextMessage.__repr__ of {"command": "message", "message": "Bar disse Who are you?", "ts": 1618065608}>
DEBUG:root:received "<bound method TextMessage.__repr__ of {"command": "message", "message": "Bar disse Nice to meet you Joe", "ts": 1618065608}>
DEBUG:root:received "<bound method TextMessage.__repr__ of {"command": "message", "message": "Bar disse Hello World", "ts": 1618065669}>
DEBUG:root:received "<bound method TextMessage.__repr__ of {"command": "message", "message": "Bar disse Hello World", "ts": 1618065672}>
DEBUG:root:received "<bound method TextMessage.__repr__ of {"command": "message", "message": "Bar disse How are you?", "ts": 1618065672}>
DEBUG:root:received "<bound method TextMessage.__repr__ of {"command": "message", "message": "Bar disse Are you new around here?", "ts": 1618065672}>
DEBUG:root:received "<bound method TextMessage.__repr__ of {"command": "message", "message": "Bar disse Hope you enjoy your stay", "ts": 1618065672}>
DEBUG:root:received "<bound method TextMessage.__repr__ of {"command": "message", "message": "Bar disse Welcome aboard", "ts": 1618065674}>
DEBUG:root:received "<bound method TextMessage.__repr__ of {"command": "message", "message": "Bar disse Who are you?", "ts": 1618065674}>
DEBUG:root:received "<bound method TextMessage.__repr__ of {"command": "message", "message": "Bar disse Nice to meet you Joe", "ts": 1618065674}>
DEBUG:root:received "<bound method TextMessage.__repr__ of {"command": "message", "message": "Bar disse Hello World", "ts": 1618065726}>
DEBUG:root:received "<bound method TextMessage.__repr__ of {"command": "message", "message": "Bar disse Hello World", "ts": 1618065729}>
DEBUG:root:received "<bound method TextMessage.__repr__ of {"command": "message", "message": "Bar disse How are you?", "ts": 1618065729}>
DEBUG:root:received "<bound method TextMessage.__repr__ of {"command": "message", "message": "Bar disse Are you new around here?", "ts": 1618065729}>
DEBUG:root:received "<bound method TextMessage.__repr__ of {"command": "message", "message": "Bar disse Hope you enjoy your stay", "ts": 1618065729}>
DEBUG:root:received "<bound method TextMessage.__repr__ of {"command": "message", "message": "Bar disse Welcome aboard", "ts": 1618065731}>
DEBUG:root:received "<bound method TextMessage.__repr__ of {"command": "message", "message": "Bar disse Who are you?", "ts": 1618065731}>
DEBUG:root:received "<bound method TextMessage.__repr__ of {"command": "message", "message": "Bar disse Nice to meet you Joe", "ts": 1618065731}>
DEBUG:root:received "<bound method TextMessage.__repr__ of {"command": "message", "message": "Bar disse Hello World", "ts": 1618065805}>
DEBUG:root:received "<bound method TextMessage.__repr__ of {"command": "message", "message": "Bar disse Hello World", "ts": 1618065807}>
DEBUG:root:received "<bound method TextMessage.__repr__ of {"command": "message", "message": "Bar disse How are you?", "ts": 1618065807}>
DEBUG:root:received "<bound method TextMessage.__repr__ of {"command": "message", "message": "Bar disse Are you new around here?", "ts": 1618065807}>
DEBUG:root:received "<bound method TextMessage.__repr__ of {"command": "message", "message": "Bar disse Hope you enjoy your stay", "ts": 1618065807}>
DEBUG:root:received "<bound method TextMessage.__repr__ of {"command": "message", "message": "Bar disse Welcome aboard", "ts": 1618065810}>
DEBUG:root:received "<bound method TextMessage.__repr__ of {"command": "message", "message": "Bar disse Who are you?", "ts": 1618065810}>
DEBUG:root:received "<bound method TextMessage.__repr__ of {"command": "message", "message": "Bar disse Nice to meet you Joe", "ts": 1618065810}>
DEBUG:root:received "<bound method TextMessage.__repr__ of {"command": "message", "message": "Bar disse Hello World", "ts": 1618065888}>
DEBUG:root:received "<bound method TextMessage.__repr__ of {"command": "message", "message": "Bar disse Hello World", "ts": 1618065890}>
DEBUG:root:received "<bound method TextMessage.__repr__ of {"command": "message", "message": "Bar disse How are you?", "ts": 1618065890}>
DEBUG:root:received "<bound method TextMessage.__repr__ of {"command": "message", "message": "Bar disse Are you new around here?", "ts": 1618065890}>
DEBUG:root:received "<bound method TextMessage.__repr__ of {"command": "message", "message": "Bar disse Hope you enjoy your stay", "ts": 1618065890}>
DEBUG:root:received "<bound method TextMessage.__repr__ of {"command": "message", "message": "Bar disse Welcome aboard", "ts": 1618065893}>
DEBUG:root:received "<bound method TextMessage.__repr__ of {"command": "message", "message": "Bar disse Who are you?", "ts": 1618065893}>
DEBUG:root:received "<bound method TextMessage.__repr__ of {"command": "message", "message": "Bar disse Nice to meet you Joe", "ts": 1618065893}>
DEBUG:root:received "<bound method TextMessage.__repr__ of {"command": "message", "message": "Bar disse Hello World", "ts": 1618065943}>
DEBUG:root:received "<bound method TextMessage.__repr__ of {"command": "message", "message": "Bar disse Hello World", "ts": 1618065945}>
DEBUG:root:received "<bound method TextMessage.__repr__ of {"command": "message", "message": "Bar disse How are you?", "ts": 1618065945}>
DEBUG:root:received "<bound method TextMessage.__repr__ of {"command": "message", "message": "Bar disse Are you new around here?", "ts": 1618065945}>
DEBUG:root:received "<bound method TextMessage.__repr__ of {"command": "message", "message": "Bar disse Hope you enjoy your stay", "ts": 1618065945}>
DEBUG:root:received "<bound method TextMessage.__repr__ of {"command": "message", "message": "Bar disse Welcome aboard", "ts": 1618065948}>
DEBUG:root:received "<bound method TextMessage.__repr__ of {"command": "message", "message": "Bar disse Who are you?", "ts": 1618065948}>
DEBUG:root:received "<bound method TextMessage.__repr__ of {"command": "message", "message": "Bar disse Nice to meet you Joe", "ts": 1618065948}>
DEBUG:root:received "<bound method TextMessage.__repr__ of {"command": "message", "message": "Bar disse Hello World", "ts": 1618066017}>
DEBUG:root:received "<bound method TextMessage.__repr__ of {"command": "message", "message": "Bar disse Hello World", "ts": 1618066019}>
DEBUG:root:received "<bound method TextMessage.__repr__ of {"command": "message", "message": "Bar disse How are you?", "ts": 1618066019}>
DEBUG:root:received "<bound method TextMessage.__repr__ of {"command": "message", "message": "Bar disse Are you new around here?", "ts": 1618066019}>
DEBUG:root:received "<bound method TextMessage.__repr__ of {"command": "message", "message": "Bar disse Hope you enjoy your stay", "ts": 1618066019}>
DEBUG:root:received "<bound method TextMessage.__repr__ of {"command": "message", "message": "Bar disse Welcome aboard", "ts": 1618066022}>
DEBUG:root:received "<bound method TextMessage.__repr__ of {"command": "message", "message": "Bar disse Who are you?", "ts": 1618066022}>
DEBUG:root:received "<bound method TextMessage.__repr__ of {"command": "message", "message": "Bar disse Nice to meet you Joe", "ts": 1618066022}>
DEBUG:root:received "<bound method TextMessage.__repr__ of {"command": "message", "message": "Bar disse Hello World", "ts": 1618066120}>
DEBUG:root:received "<bound method TextMessage.__repr__ of {"command": "message", "message": "Bar disse Hello World", "ts": 1618066122}>
DEBUG:root:received "<bound method TextMessage.__repr__ of {"command": "message", "message": "Bar disse How are you?", "ts": 1618066122}>
DEBUG:root:received "<bound method TextMessage.__repr__ of {"command": "message", "message": "Bar disse Are you new around here?", "ts": 1618066122}>
DEBUG:root:received "<bound method TextMessage.__repr__ of {"command": "message", "message": "Bar disse Hope you enjoy your stay", "ts": 1618066122}>
DEBUG:root:received "<bound method TextMessage.__repr__ of {"command": "message", "message": "Bar disse Welcome aboard", "ts": 1618066125}>
DEBUG:root:received "<bound method TextMessage.__repr__ of {"command": "message", "message": "Bar disse Who are you?", "ts": 1618066125}>
DEBUG:root:received "<bound method TextMessage.__repr__ of {"command": "message", "message": "Bar disse Nice to meet you Joe", "ts": 1618066125}>
DEBUG:root:received "<bound method TextMessage.__repr__ of {"command": "message", "message": "Bar disse Hello World", "ts": 1618066225}>
DEBUG:root:received "<bound method TextMessage.__repr__ of {"command": "message", "message": "Bar disse Hello World", "ts": 1618066228}>
DEBUG:root:received "<bound method TextMessage.__repr__ of {"command": "message", "message": "Bar disse How are you?", "ts": 1618066228}>
DEBUG:root:received "<bound method TextMessage.__repr__ of {"command": "message", "message": "Bar disse Are you new around here?", "ts": 1618066228}>
DEBUG:root:received "<bound method TextMessage.__repr__ of {"command": "message", "message": "Bar disse Hope you enjoy your stay", "ts": 1618066228}>
DEBUG:root:received "<bound method TextMessage.__repr__ of {"command": "message", "message": "Bar disse Welcome aboard", "ts": 1618066230}>
DEBUG:root:received "<bound method TextMessage.__repr__ of {"command": "message", "message": "Bar disse Who are you?", "ts": 1618066230}>
DEBUG:root:received "<bound method TextMessage.__repr__ of {"command": "message", "message": "Bar disse Nice to meet you Joe", "ts": 1618066230}>
DEBUG:root:received "<bound method TextMessage.__repr__ of {"command": "message", "message": "Bar disse Hello World", "ts": 1618066393}>
DEBUG:root:received "<bound method TextMessage.__repr__ of {"command": "message", "message": "Bar disse Hello World", "ts": 1618066395}>
DEBUG:root:received "<bound method TextMessage.__repr__ of {"command": "message", "message": "Bar disse How are you?", "ts": 1618066395}>
DEBUG:root:received "<bound method TextMessage.__repr__ of {"command": "message", "message": "Bar disse Are you new around here?", "ts": 1618066395}>
DEBUG:root:received "<bound method TextMessage.__repr__ of {"command": "message", "message": "Bar disse Hope you enjoy your stay", "ts": 1618066395}>
DEBUG:root:received "<bound method TextMessage.__repr__ of {"command": "message", "message": "Bar disse Welcome aboard", "ts": 1618066398}>
DEBUG:root:received "<bound method TextMessage.__repr__ of {"command": "message", "message": "Bar disse Who are you?", "ts": 1618066398}>
DEBUG:root:received "<bound method TextMessage.__repr__ of {"command": "message", "message": "Bar disse Nice to meet you Joe", "ts": 1618066398}>
DEBUG:root:received "<bound method TextMessage.__repr__ of {"command": "message", "message": "Bar disse Hello World", "ts": 1618066613}>
DEBUG:root:received "<bound method TextMessage.__repr__ of {"command": "message", "message": "Bar disse Hello World", "ts": 1618066668}>
DEBUG:root:received "<bound method TextMessage.__repr__ of {"command": "message", "message": "Bar disse Hello World", "ts": 1618066814}>
DEBUG:root:received "<bound method TextMessage.__repr__ of {"command": "message", "message": "Bar disse Hello World", "ts": 1618066816}>
DEBUG:root:received "<bound method TextMessage.__repr__ of {"command": "message", "message": "Bar disse How are you?", "ts": 1618066816}>
DEBUG:root:received "<bound method TextMessage.__repr__ of {"command": "message", "message": "Bar disse Are you new around here?", "ts": 1618066816}>
DEBUG:root:received "<bound method TextMessage.__repr__ of {"command": "message", "message": "Bar disse Hope you enjoy your stay", "ts": 1618066816}>
DEBUG:root:received "<bound method TextMessage.__repr__ of {"command": "message", "message": "Bar disse Welcome aboard", "ts": 1618066819}>
DEBUG:root:received "<bound method TextMessage.__repr__ of {"command": "message", "message": "Bar disse Who are you?", "ts": 1618066819}>
DEBUG:root:received "<bound method TextMessage.__repr__ of {"command": "message", "message": "Bar disse Nice to meet you Joe", "ts": 1618066819}>
DEBUG:root:received "<bound method TextMessage.__repr__ of {"command": "message", "message": "Bar disse Hello World", "ts": 1618066962}>
DEBUG:root:received "<bound method TextMessage.__repr__ of {"command": "message", "message": "Bar disse Hello World", "ts": 1618066964}>
DEBUG:root:received "<bound method TextMessage.__repr__ of {"command": "message", "message": "Bar disse How are you?", "ts": 1618066964}>
DEBUG:root:received "<bound method TextMessage.__repr__ of {"command": "message", "message": "Bar disse Are you new around here?", "ts": 1618066965}>
DEBUG:root:received "<bound method TextMessage.__repr__ of {"command": "message", "message": "Bar disse Hope you enjoy your stay", "ts": 1618066965}>
DEBUG:root:received "<bound method TextMessage.__repr__ of {"command": "message", "message": "Bar disse Welcome aboard", "ts": 1618066967}>
DEBUG:root:received "<bound method TextMessage.__repr__ of {"command": "message", "message": "Bar disse Who are you?", "ts": 1618066967}>
DEBUG:root:received "<bound method TextMessage.__repr__ of {"command": "message", "message": "Bar disse Nice to meet you Joe", "ts": 1618066967}>
DEBUG:root:received "<bound method TextMessage.__repr__ of {"command": "message", "message": "Bar disse Hello World", "ts": 1618067038}>
DEBUG:root:received "<bound method TextMessage.__repr__ of {"command": "message", "message": "Bar disse Hello World", "ts": 1618067040}>
DEBUG:root:received "<bound method TextMessage.__repr__ of {"command": "message", "message": "Bar disse How are you?", "ts": 1618067040}>
DEBUG:root:received "<bound method TextMessage.__repr__ of {"command": "message", "message": "Bar disse Are you new around here?", "ts": 1618067041}>
DEBUG:root:received "<bound method TextMessage.__repr__ of {"command": "message", "message": "Bar disse Hope you enjoy your stay", "ts": 1618067041}>
DEBUG:root:received "<bound method TextMessage.__repr__ of {"command": "message", "message": "Bar disse Welcome aboard", "ts": 1618067043}>
DEBUG:root:received "<bound method TextMessage.__repr__ of {"command": "message", "message": "Bar disse Who are you?", "ts": 1618067043}>
DEBUG:root:received "<bound method TextMessage.__repr__ of {"command": "message", "message": "Bar disse Nice to meet you Joe", "ts": 1618067043}>
DEBUG:root:received "<bound method TextMessage.__repr__ of {"command": "message", "message": "Bar disse Hello World", "ts": 1618067076}>
DEBUG:root:received "<bound method TextMessage.__repr__ of {"command": "message", "message": "Bar disse Hello World", "ts": 1618067078}>
DEBUG:root:received "<bound method TextMessage.__repr__ of {"command": "message", "message": "Bar disse How are you?", "ts": 1618067079}>
DEBUG:root:received "<bound method TextMessage.__repr__ of {"command": "message", "message": "Bar disse Are you new around here?", "ts": 1618067079}>
DEBUG:root:received "<bound method TextMessage.__repr__ of {"command": "message", "message": "Bar disse Hope you enjoy your stay", "ts": 1618067079}>
DEBUG:root:received "<bound method TextMessage.__repr__ of {"command": "message", "message": "Bar disse Welcome aboard", "ts": 1618067081}>
DEBUG:root:received "<bound method TextMessage.__repr__ of {"command": "message", "message": "Bar disse Who are you?", "ts": 1618067081}>
DEBUG:root:received "<bound method TextMessage.__repr__ of {"command": "message", "message": "Bar disse Nice to meet you Joe", "ts": 1618067081}>
DEBUG:root:received "<bound method TextMessage.__repr__ of {"command": "message", "message": "Bar disse Hello World", "ts": 1618067153}>
DEBUG:root:received "<bound method TextMessage.__repr__ of {"command": "message", "message": "Bar disse Hello World", "ts": 1618067290}>
DEBUG:root:received "<bound method TextMessage.__repr__ of {"command": "message", "message": "Bar disse Hello World", "ts": 1618067293}>
DEBUG:root:received "<bound method TextMessage.__repr__ of {"command": "message", "message": "Bar disse How are you?", "ts": 1618067293}>
DEBUG:root:received "<bound method TextMessage.__repr__ of {"command": "message", "message": "Bar disse Are you new around here?", "ts": 1618067293}>
DEBUG:root:received "<bound method TextMessage.__repr__ of {"command": "message", "message": "Bar disse Hope you enjoy your stay", "ts": 1618067293}>
DEBUG:root:received "<bound method TextMessage.__repr__ of {"command": "message", "message": "Bar disse Welcome aboard", "ts": 1618067295}>
DEBUG:root:received "<bound method TextMessage.__repr__ of {"command": "message", "message": "Bar disse Who are you?", "ts": 1618067295}>
DEBUG:root:received "<bound method TextMessage.__repr__ of {"command": "message", "message": "Bar disse Nice to meet you Joe", "ts": 1618067295}>
DEBUG:root:received "<bound method TextMessage.__repr__ of {"command": "message", "message": "Bar disse Hello World", "ts": 1618067359}>
DEBUG:root:received "<bound method TextMessage.__repr__ of {"command": "message", "message": "Bar disse Hello World", "ts": 1618067377}>
DEBUG:root:received "<bound method TextMessage.__repr__ of {"command": "message", "message": "Bar disse Hello World", "ts": 1618067397}>
DEBUG:root:received "<bound method TextMessage.__repr__ of {"command": "message", "message": "Bar disse Hello World", "ts": 1618067399}>
DEBUG:root:received "<bound method TextMessage.__repr__ of {"command": "message", "message": "Bar disse How are you?", "ts": 1618067399}>
DEBUG:root:received "<bound method TextMessage.__repr__ of {"command": "message", "message": "Bar disse Are you new around here?", "ts": 1618067399}>
DEBUG:root:received "<bound method TextMessage.__repr__ of {"command": "message", "message": "Bar disse Hope you enjoy your stay", "ts": 1618067399}>
DEBUG:root:received "<bound method TextMessage.__repr__ of {"command": "message", "message": "Bar disse Welcome aboard", "ts": 1618067402}>
DEBUG:root:received "<bound method TextMessage.__repr__ of {"command": "message", "message": "Bar disse Who are you?", "ts": 1618067402}>
DEBUG:root:received "<bound method TextMessage.__repr__ of {"command": "message", "message": "Bar disse Nice to meet you Joe", "ts": 1618067402}>
DEBUG:root:received "<bound method TextMessage.__repr__ of {"command": "message", "message": "Bar disse Hello World", "ts": 1618067518}>
DEBUG:root:received "<bound method TextMessage.__repr__ of {"command": "message", "message": "Bar disse Hello World", "ts": 1618067520}>
DEBUG:root:received "<bound method TextMessage.__repr__ of {"command": "message", "message": "Bar disse How are you?", "ts": 1618067520}>
DEBUG:root:received "<bound method TextMessage.__repr__ of {"command": "message", "message": "Bar disse Are you new around here?", "ts": 1618067520}>
DEBUG:root:received "<bound method TextMessage.__repr__ of {"command": "message", "message": "Bar disse Hope you enjoy your stay", "ts": 1618067520}>
DEBUG:root:received "<bound method TextMessage.__repr__ of {"command": "message", "message": "Bar disse Welcome aboard", "ts": 1618067523}>
DEBUG:root:received "<bound method TextMessage.__repr__ of {"command": "message", "message": "Bar disse Who are you?", "ts": 1618067523}>
DEBUG:root:received "<bound method TextMessage.__repr__ of {"command": "message", "message": "Bar disse Nice to meet you Joe", "ts": 1618067523}>
DEBUG:root:received "<bound method TextMessage.__repr__ of {"command": "message", "message": "Bar disse Hello World", "ts": 1618067941}>
DEBUG:root:received "<bound method TextMessage.__repr__ of {"command": "message", "message": "Bar disse Hello World", "ts": 1618067944}>
DEBUG:root:received "<bound method TextMessage.__repr__ of {"command": "message", "message": "Bar disse How are you?", "ts": 1618067944}>
DEBUG:root:received "<bound method TextMessage.__repr__ of {"command": "message", "message": "Bar disse Are you new around here?", "ts": 1618067944}>
DEBUG:root:received "<bound method TextMessage.__repr__ of {"command": "message", "message": "Bar disse Hope you enjoy your stay", "ts": 1618067944}>
DEBUG:root:received "<bound method TextMessage.__repr__ of {"command": "message", "message": "Bar disse Welcome aboard", "ts": 1618067946}>
DEBUG:root:received "<bound method TextMessage.__repr__ of {"command": "message", "message": "Bar disse Who are you?", "ts": 1618067946}>
DEBUG:root:received "<bound method TextMessage.__repr__ of {"command": "message", "message": "Bar disse Nice to meet you Joe", "ts": 1618067946}>
DEBUG:root:received "<bound method TextMessage.__repr__ of {"command": "message", "message": "Bar disse Hello World", "ts": 1618068022}>
DEBUG:root:received "<bound method TextMessage.__repr__ of {"command": "message", "message": "Bar disse Hello World", "ts": 1618068025}>
DEBUG:root:received "<bound method TextMessage.__repr__ of {"command": "message", "message": "Bar disse How are you?", "ts": 1618068025}>
DEBUG:root:received "<bound method TextMessage.__repr__ of {"command": "message", "message": "Bar disse Are you new around here?", "ts": 1618068025}>
DEBUG:root:received "<bound method TextMessage.__repr__ of {"command": "message", "message": "Bar disse Hope you enjoy your stay", "ts": 1618068025}>
DEBUG:root:received "<bound method TextMessage.__repr__ of {"command": "message", "message": "Bar disse Welcome aboard", "ts": 1618068027}>
DEBUG:root:received "<bound method TextMessage.__repr__ of {"command": "message", "message": "Bar disse Who are you?", "ts": 1618068027}>
DEBUG:root:received "<bound method TextMessage.__repr__ of {"command": "message", "message": "Bar disse Nice to meet you Joe", "ts": 1618068027}>
DEBUG:root:received "<bound method TextMessage.__repr__ of {"command": "message", "message": "Bar disse Hello World", "ts": 1618068102}>
DEBUG:root:received "<bound method TextMessage.__repr__ of {"command": "message", "message": "Bar disse Hello World", "ts": 1618068104}>
DEBUG:root:received "<bound method TextMessage.__repr__ of {"command": "message", "message": "Bar disse How are you?", "ts": 1618068104}>
DEBUG:root:received "<bound method TextMessage.__repr__ of {"command": "message", "message": "Bar disse Are you new around here?", "ts": 1618068104}>
DEBUG:root:received "<bound method TextMessage.__repr__ of {"command": "message", "message": "Bar disse Hope you enjoy your stay", "ts": 1618068104}>
DEBUG:root:received "<bound method TextMessage.__repr__ of {"command": "message", "message": "Bar disse Welcome aboard", "ts": 1618068107}>
DEBUG:root:received "<bound method TextMessage.__repr__ of {"command": "message", "message": "Bar disse Who are you?", "ts": 1618068107}>
DEBUG:root:received "<bound method TextMessage.__repr__ of {"command": "message", "message": "Bar disse Nice to meet you Joe", "ts": 1618068107}>
DEBUG:root:received "<bound method TextMessage.__repr__ of {"command": "message", "message": "Bar disse Hello World", "ts": 1618068422}>
DEBUG:root:received "<bound method TextMessage.__repr__ of {"command": "message", "message": "Bar disse Hello World", "ts": 1618068424}>
DEBUG:root:received "<bound method TextMessage.__repr__ of {"command": "message", "message": "Bar disse How are you?", "ts": 1618068424}>
DEBUG:root:received "<bound method TextMessage.__repr__ of {"command": "message", "message": "Bar disse Are you new around here?", "ts": 1618068424}>
DEBUG:root:received "<bound method TextMessage.__repr__ of {"command": "message", "message": "Bar disse Hope you enjoy your stay", "ts": 1618068424}>
DEBUG:root:received "<bound method TextMessage.__repr__ of {"command": "message", "message": "Bar disse Welcome aboard", "ts": 1618068427}>
DEBUG:root:received "<bound method TextMessage.__repr__ of {"command": "message", "message": "Bar disse Who are you?", "ts": 1618068427}>
DEBUG:root:received "<bound method TextMessage.__repr__ of {"command": "message", "message": "Bar disse Nice to meet you Joe", "ts": 1618068427}>
DEBUG:root:received "<bound method TextMessage.__repr__ of {"command": "message", "message": "Bar disse Hello World", "ts": 1618068561}>
DEBUG:root:received "<bound method TextMessage.__repr__ of {"command": "message", "message": "Bar disse Hello World", "ts": 1618068563}>
DEBUG:root:received "<bound method TextMessage.__repr__ of {"command": "message", "message": "Bar disse How are you?", "ts": 1618068563}>
DEBUG:root:received "<bound method TextMessage.__repr__ of {"command": "message", "message": "Bar disse Are you new around here?", "ts": 1618068563}>
DEBUG:root:received "<bound method TextMessage.__repr__ of {"command": "message", "message": "Bar disse Hope you enjoy your stay", "ts": 1618068563}>
DEBUG:root:received "<bound method TextMessage.__repr__ of {"command": "message", "message": "Bar disse Welcome aboard", "ts": 1618068566}>
DEBUG:root:received "<bound method TextMessage.__repr__ of {"command": "message", "message": "Bar disse Who are you?", "ts": 1618068566}>
DEBUG:root:received "<bound method TextMessage.__repr__ of {"command": "message", "message": "Bar disse Nice to meet you Joe", "ts": 1618068566}>
DEBUG:root:received "<bound method TextMessage.__repr__ of {"command": "message", "message": "Bar disse Hello World", "ts": 1618068656}>
DEBUG:root:received "<bound method TextMessage.__repr__ of {"command": "message", "message": "Bar disse Hello World", "ts": 1618068658}>
DEBUG:root:received "<bound method TextMessage.__repr__ of {"command": "message", "message": "Bar disse How are you?", "ts": 1618068658}>
DEBUG:root:received "<bound method TextMessage.__repr__ of {"command": "message", "message": "Bar disse Are you new around here?", "ts": 1618068658}>
DEBUG:root:received "<bound method TextMessage.__repr__ of {"command": "message", "message": "Bar disse Hope you enjoy your stay", "ts": 1618068658}>
DEBUG:root:received "<bound method TextMessage.__repr__ of {"command": "message", "message": "Bar disse Welcome aboard", "ts": 1618068661}>
DEBUG:root:received "<bound method TextMessage.__repr__ of {"command": "message", "message": "Bar disse Who are you?", "ts": 1618068661}>
DEBUG:root:received "<bound method TextMessage.__repr__ of {"command": "message", "message": "Bar disse Nice to meet you Joe", "ts": 1618068661}>
DEBUG:root:received "<bound method TextMessage.__repr__ of {"command": "message", "message": "Bar disse Hello World", "ts": 1618068884}>
DEBUG:root:received "<bound method TextMessage.__repr__ of {"command": "message", "message": "Bar disse Hello World", "ts": 1618068886}>
DEBUG:root:received "<bound method TextMessage.__repr__ of {"command": "message", "message": "Bar disse How are you?", "ts": 1618068886}>
DEBUG:root:received "<bound method TextMessage.__repr__ of {"command": "message", "message": "Bar disse Are you new around here?", "ts": 1618068886}>
DEBUG:root:received "<bound method TextMessage.__repr__ of {"command": "message", "message": "Bar disse Hope you enjoy your stay", "ts": 1618068886}>
DEBUG:root:received "<bound method TextMessage.__repr__ of {"command": "message", "message": "Bar disse Welcome aboard", "ts": 1618068889}>
DEBUG:root:received "<bound method TextMessage.__repr__ of {"command": "message", "message": "Bar disse Who are you?", "ts": 1618068889}>
DEBUG:root:received "<bound method TextMessage.__repr__ of {"command": "message", "message": "Bar disse Nice to meet you Joe", "ts": 1618068889}>
